<?xml version="1.0" encoding="UTF-8"?>
<!-- Generated by org.testng.reporters.JUnitReportReporter -->
<testsuite hostname="Jarvis2" failures="0" tests="2" name="test.parameter" time="165.733" errors="0" timestamp="2023-11-24T12:59:49 IST" skipped="0">
  <testcase classname="test.parameter" name="displayed" time="62.532"/>
  <system-out/>
  <testcase classname="test.parameter" name="displayed" time="103.201"/>
  <system-out/>
</testsuite> <!-- test.parameter -->
