<?xml version="1.0" encoding="UTF-8"?>
<!-- Generated by org.testng.reporters.JUnitReportReporter -->
<testsuite hostname="Jarvis2" failures="0" tests="1" name="test111.test15Test" time="0.018" errors="0" timestamp="2023-11-24T11:54:52 IST" skipped="0">
  <testcase classname="test111.test15Test" name="f" time="0.018"/>
  <system-out/>
</testsuite> <!-- test111.test15Test -->
