<?xml version="1.0" encoding="UTF-8"?>
<!-- Generated by org.testng.reporters.JUnitReportReporter -->
<testsuite hostname="Jarvis2" failures="0" tests="2" name="test111.test15" time="0.017" errors="0" timestamp="2023-11-24T11:56:52 IST" skipped="0">
  <testcase classname="test111.test15" name="method6" time="0.010"/>
  <system-out/>
  <testcase classname="test111.test15" name="method7" time="0.007"/>
  <system-out/>
</testsuite> <!-- test111.test15 -->
