<?xml version="1.0" encoding="UTF-8"?>
<!-- Generated by org.testng.reporters.JUnitReportReporter -->
<testsuite hostname="Jarvis2" failures="0" tests="3" name="test.datapro" time="0.013" errors="0" timestamp="2023-11-24T10:18:47 IST" skipped="0">
  <testcase classname="test.datapro" name="logintest" time="0.010"/>
  <system-out/>
  <testcase classname="test.datapro" name="logintest" time="0.002"/>
  <system-out/>
  <testcase classname="test.datapro" name="logintest" time="0.001"/>
  <system-out/>
</testsuite> <!-- test.datapro -->
