<?xml version="1.0" encoding="UTF-8"?>
<!-- Generated by org.testng.reporters.JUnitReportReporter -->
<testsuite hostname="Jarvis2" failures="0" tests="4" name="test.grouping" time="0.016" errors="0" timestamp="2023-11-24T11:52:05 IST" skipped="0">
  <testcase classname="test.grouping" name="m" time="0.011"/>
  <system-out/>
  <testcase classname="test.grouping" name="m2" time="0.002"/>
  <system-out/>
  <testcase classname="test.grouping" name="m3" time="0.002"/>
  <system-out/>
  <testcase classname="test.grouping" name="m1" time="0.001"/>
  <system-out/>
</testsuite> <!-- test.grouping -->
