<?xml version="1.0" encoding="UTF-8"?>
<!-- Generated by org.testng.reporters.JUnitReportReporter -->
<testsuite hostname="Jarvis2" failures="0" tests="2" name="test.para2" time="140.607" errors="0" timestamp="2023-11-25T11:25:47 IST" skipped="0">
  <testcase classname="test.para2" name="launchbrowser" time="89.490"/>
  <system-out/>
  <testcase classname="test.para2" name="launchbrowser" time="51.117"/>
  <system-out/>
</testsuite> <!-- test.para2 -->
