<?xml version="1.0" encoding="UTF-8"?>
<!-- Generated by org.testng.reporters.JUnitReportReporter -->
<testsuite hostname="Jarvis2" failures="0" tests="1" name="test111.assertion" time="317.968" errors="0" timestamp="2023-11-24T11:40:24 IST" skipped="0">
  <testcase classname="test111.assertion" name="displayed" time="317.968"/>
  <system-out/>
</testsuite> <!-- test111.assertion -->
