<?xml version="1.0" encoding="UTF-8"?>
<!-- Generated by org.testng.reporters.JUnitReportReporter -->
<testsuite hostname="Jarvis2" failures="0" tests="3" name="test.dataprovideex" time="0.012" errors="0" timestamp="2023-11-24T10:28:49 IST" skipped="0">
  <testcase classname="test.dataprovideex" name="logintest" time="0.008"/>
  <system-out/>
  <testcase classname="test.dataprovideex" name="logintest" time="0.002"/>
  <system-out/>
  <testcase classname="test.dataprovideex" name="logintest" time="0.002"/>
  <system-out/>
</testsuite> <!-- test.dataprovideex -->
