<?xml version="1.0" encoding="UTF-8"?>
<!-- Generated by org.testng.reporters.JUnitReportReporter -->
<testsuite hostname="Jarvis2" failures="0" tests="2" name="test.parameter" time="153.079" errors="0" timestamp="2023-11-24T20:16:01 IST" skipped="0">
  <testcase classname="test.parameter" name="displayed" time="73.554"/>
  <system-out/>
  <testcase classname="test.parameter" name="displayed" time="79.525"/>
  <system-out/>
</testsuite> <!-- test.parameter -->
